In file included from ../../../../nan/nan.h:82:0,
                 from ../ext/bson.h:17,
                 from ../ext/bson.cc:36:
../../../../nan/nan_new.h: In function ‘v8::Local<T> NanIntern::To(v8::Handle<v8::Integer>) [with T = v8::Int32; v8::Handle<v8::Integer> = v8::Local<v8::Integer>]’:
../../../../nan/nan_new.h:34:64: error: no matching function for call to ‘v8::Integer::ToInt32()’
 To<v8::Int32>(v8::Handle<v8::Integer> i)   { return i->ToInt32(); }
                                                                ^
In file included from ../ext/bson.cc:14:0:
/home/ronike/.node-gyp/10.1.0/include/node/v8.h:2378:43: note: candidate: v8::MaybeLocal<v8::Int32> v8::Value::ToInt32(v8::Local<v8::Context>) const
   V8_WARN_UNUSED_RESULT MaybeLocal<Int32> ToInt32(Local<Context> context) const;
                                           ^~~~~~~
/home/ronike/.node-gyp/10.1.0/include/node/v8.h:2378:43: note:   candidate expects 1 argument, 0 provided
In file included from /home/ronike/.node-gyp/10.1.0/include/node/v8.h:26:0,
                 from ../ext/bson.cc:14:
/home/ronike/.node-gyp/10.1.0/include/node/v8.h:2391:34: note: candidate: v8::Local<v8::Int32> v8::Value::ToInt32(v8::Isolate*) const
                     Local<Int32> ToInt32(Isolate* isolate) const);
                                  ^
/home/ronike/.node-gyp/10.1.0/include/node/v8config.h:340:48: note: in definition of macro ‘V8_DEPRECATE_SOON’
 #define V8_DEPRECATE_SOON(message, declarator) declarator
                                                ^~~~~~~~~~
/home/ronike/.node-gyp/10.1.0/include/node/v8.h:2391:34: note:   candidate expects 1 argument, 0 provided
                     Local<Int32> ToInt32(Isolate* isolate) const);
                                  ^
/home/ronike/.node-gyp/10.1.0/include/node/v8config.h:340:48: note: in definition of macro ‘V8_DEPRECATE_SOON’
 #define V8_DEPRECATE_SOON(message, declarator) declarator
                                                ^~~~~~~~~~
In file included from ../../../../nan/nan.h:82:0,
                 from ../ext/bson.h:17,
                 from ../ext/bson.cc:36:
../../../../nan/nan_new.h: In function ‘v8::Local<T> NanIntern::To(v8::Handle<v8::Integer>) [with T = v8::Uint32; v8::Handle<v8::Integer> = v8::Local<v8::Integer>]’:
../../../../nan/nan_new.h:39:65: error: no matching function for call to ‘v8::Integer::ToUint32()’
 To<v8::Uint32>(v8::Handle<v8::Integer> i)  { return i->ToUint32(); }
                                                                 ^
In file included from ../ext/bson.cc:14:0:
/home/ronike/.node-gyp/10.1.0/include/node/v8.h:2376:44: note: candidate: v8::MaybeLocal<v8::Uint32> v8::Value::ToUint32(v8::Local<v8::Context>) const
   V8_WARN_UNUSED_RESULT MaybeLocal<Uint32> ToUint32(
                                            ^~~~~~~~
/home/ronike/.node-gyp/10.1.0/include/node/v8.h:2376:44: note:   candidate expects 1 argument, 0 provided
In file included from ../../../../nan/nan_new.h:189:0,
                 from ../../../../nan/nan.h:82,
                 from ../ext/bson.h:17,
                 from ../ext/bson.cc:36:
../../../../nan/nan_implementation_12_inl.h: In static member function ‘static NanIntern::FactoryBase<v8::BooleanObject>::return_t NanIntern::Factory<v8::BooleanObject>::New(bool)’:
../../../../nan/nan_implementation_12_inl.h:49:38: error: no matching function for call to ‘v8::BooleanObject::New(bool&)’
   return v8::BooleanObject::New(value).As<v8::BooleanObject>();
                                      ^
In file included from ../ext/bson.cc:14:0:
/home/ronike/.node-gyp/10.1.0/include/node/v8.h:4866:23: note: candidate: static v8::Local<v8::Value> v8::BooleanObject::New(v8::Isolate*, bool)
   static Local<Value> New(Isolate* isolate, bool value);
                       ^~~
/home/ronike/.node-gyp/10.1.0/include/node/v8.h:4866:23: note:   candidate expects 2 arguments, 1 provided
In file included from ../../../../nan/nan_new.h:189:0,
                 from ../../../../nan/nan.h:82,
                 from ../ext/bson.h:17,
                 from ../ext/bson.cc:36:
../../../../nan/nan_implementation_12_inl.h:49:60: error: expected primary-expression before ‘>’ token
   return v8::BooleanObject::New(value).As<v8::BooleanObject>();
                                                            ^
../../../../nan/nan_implementation_12_inl.h:49:62: error: expected primary-expression before ‘)’ token
   return v8::BooleanObject::New(value).As<v8::BooleanObject>();
                                                              ^
../../../../nan/nan_implementation_12_inl.h: In static member function ‘static NanIntern::FactoryBase<v8::RegExp>::return_t NanIntern::Factory<v8::RegExp>::New(v8::Handle<v8::String>, v8::RegExp::Flags)’:
../../../../nan/nan_implementation_12_inl.h:158:40: warning: ‘static v8::Local<v8::RegExp> v8::RegExp::New(v8::Local<v8::String>, v8::RegExp::Flags)’ is deprecated: Use maybe version [-Wdeprecated-declarations]
   return v8::RegExp::New(pattern, flags);
                                        ^
In file included from /home/ronike/.node-gyp/10.1.0/include/node/v8.h:26:0,
                 from ../ext/bson.cc:14:
/home/ronike/.node-gyp/10.1.0/include/node/v8.h:4939:38: note: declared here
                        Local<RegExp> New(Local<String> pattern, Flags flags));
                                      ^
/home/ronike/.node-gyp/10.1.0/include/node/v8config.h:318:3: note: in definition of macro ‘V8_DEPRECATED’
   declarator __attribute__((deprecated(message)))
   ^~~~~~~~~~
In file included from ../../../../nan/nan_new.h:189:0,
                 from ../../../../nan/nan.h:82,
                 from ../ext/bson.h:17,
                 from ../ext/bson.cc:36:
../../../../nan/nan_implementation_12_inl.h: In static member function ‘static NanIntern::FactoryBase<v8::Script>::return_t NanIntern::Factory<v8::Script>::New(v8::Local<v8::String>)’:
../../../../nan/nan_implementation_12_inl.h:166:69: error: no matching function for call to ‘v8::ScriptCompiler::Compile(v8::Isolate*, v8::ScriptCompiler::Source*)’
   return v8::ScriptCompiler::Compile(v8::Isolate::GetCurrent(), &src);
                                                                     ^
In file included from ../ext/bson.cc:14:0:
/home/ronike/.node-gyp/10.1.0/include/node/v8.h:1489:51: note: candidate: static v8::MaybeLocal<v8::Script> v8::ScriptCompiler::Compile(v8::Local<v8::Context>, v8::ScriptCompiler::Source*, v8::ScriptCompiler::CompileOptions, v8::ScriptCompiler::NoCacheReason)
   static V8_WARN_UNUSED_RESULT MaybeLocal<Script> Compile(
                                                   ^~~~~~~
/home/ronike/.node-gyp/10.1.0/include/node/v8.h:1489:51: note:   no known conversion for argument 1 from ‘v8::Isolate*’ to ‘v8::Local<v8::Context>’
/home/ronike/.node-gyp/10.1.0/include/node/v8.h:1516:51: note: candidate: static v8::MaybeLocal<v8::Script> v8::ScriptCompiler::Compile(v8::Local<v8::Context>, v8::ScriptCompiler::StreamedSource*, v8::Local<v8::String>, const v8::ScriptOrigin&)
   static V8_WARN_UNUSED_RESULT MaybeLocal<Script> Compile(
                                                   ^~~~~~~
/home/ronike/.node-gyp/10.1.0/include/node/v8.h:1516:51: note:   candidate expects 4 arguments, 2 provided
In file included from ../../../../nan/nan_new.h:189:0,
                 from ../../../../nan/nan.h:82,
                 from ../ext/bson.h:17,
                 from ../ext/bson.cc:36:
../../../../nan/nan_implementation_12_inl.h: In static member function ‘static NanIntern::FactoryBase<v8::Script>::return_t NanIntern::Factory<v8::Script>::New(v8::Local<v8::String>, const v8::ScriptOrigin&)’:
../../../../nan/nan_implementation_12_inl.h:173:69: error: no matching function for call to ‘v8::ScriptCompiler::Compile(v8::Isolate*, v8::ScriptCompiler::Source*)’
   return v8::ScriptCompiler::Compile(v8::Isolate::GetCurrent(), &src);
                                                                     ^
In file included from ../ext/bson.cc:14:0:
/home/ronike/.node-gyp/10.1.0/include/node/v8.h:1489:51: note: candidate: static v8::MaybeLocal<v8::Script> v8::ScriptCompiler::Compile(v8::Local<v8::Context>, v8::ScriptCompiler::Source*, v8::ScriptCompiler::CompileOptions, v8::ScriptCompiler::NoCacheReason)
   static V8_WARN_UNUSED_RESULT MaybeLocal<Script> Compile(
                                                   ^~~~~~~
/home/ronike/.node-gyp/10.1.0/include/node/v8.h:1489:51: note:   no known conversion for argument 1 from ‘v8::Isolate*’ to ‘v8::Local<v8::Context>’
/home/ronike/.node-gyp/10.1.0/include/node/v8.h:1516:51: note: candidate: static v8::MaybeLocal<v8::Script> v8::ScriptCompiler::Compile(v8::Local<v8::Context>, v8::ScriptCompiler::StreamedSource*, v8::Local<v8::String>, const v8::ScriptOrigin&)
   static V8_WARN_UNUSED_RESULT MaybeLocal<Script> Compile(
                                                   ^~~~~~~
/home/ronike/.node-gyp/10.1.0/include/node/v8.h:1516:51: note:   candidate expects 4 arguments, 2 provided
In file included from ../../../../nan/nan_new.h:189:0,
                 from ../../../../nan/nan.h:82,
                 from ../ext/bson.h:17,
                 from ../ext/bson.cc:36:
../../../../nan/nan_implementation_12_inl.h: In static member function ‘static NanIntern::FactoryBase<v8::String>::return_t NanIntern::Factory<v8::String>::New(const uint8_t*, int)’:
../../../../nan/nan_implementation_12_inl.h:206:42: error: no matching function for call to ‘v8::String::NewFromOneByte(v8::Isolate*, const uint8_t*&, v8::String::NewStringType, int&)’
         v8::String::kNormalString, length);
                                          ^
In file included from ../ext/bson.cc:14:0:
/home/ronike/.node-gyp/10.1.0/include/node/v8.h:2736:51: note: candidate: static v8::MaybeLocal<v8::String> v8::String::NewFromOneByte(v8::Isolate*, const uint8_t*, v8::NewStringType, int)
   static V8_WARN_UNUSED_RESULT MaybeLocal<String> NewFromOneByte(
                                                   ^~~~~~~~~~~~~~
/home/ronike/.node-gyp/10.1.0/include/node/v8.h:2736:51: note:   no known conversion for argument 3 from ‘v8::String::NewStringType’ to ‘v8::NewStringType’
In file included from ../../../../nan/nan_new.h:189:0,
                 from ../../../../nan/nan.h:82,
                 from ../ext/bson.h:17,
                 from ../ext/bson.cc:36:
../../../../nan/nan_implementation_12_inl.h: In static member function ‘static NanIntern::FactoryBase<v8::String>::return_t NanIntern::Factory<v8::String>::New(v8::String::ExternalStringResource*)’:
../../../../nan/nan_implementation_12_inl.h:217:66: error: no matching function for call to ‘v8::String::NewExternal(v8::Isolate*, v8::String::ExternalStringResource*&)’
   return v8::String::NewExternal(v8::Isolate::GetCurrent(), value);
                                                                  ^
In file included from /home/ronike/.node-gyp/10.1.0/include/node/v8.h:26:0,
                 from ../ext/bson.cc:14:
/home/ronike/.node-gyp/10.1.0/include/node/v8.h:2791:21: note: candidate: static v8::Local<v8::String> v8::String::NewExternal(v8::Isolate*, v8::String::ExternalOneByteStringResource*)
       Local<String> NewExternal(Isolate* isolate,
                     ^
/home/ronike/.node-gyp/10.1.0/include/node/v8config.h:340:48: note: in definition of macro ‘V8_DEPRECATE_SOON’
 #define V8_DEPRECATE_SOON(message, declarator) declarator
                                                ^~~~~~~~~~
/home/ronike/.node-gyp/10.1.0/include/node/v8.h:2791:21: note:   no known conversion for argument 2 from ‘v8::String::ExternalStringResource*’ to ‘v8::String::ExternalOneByteStringResource*’
       Local<String> NewExternal(Isolate* isolate,
                     ^
/home/ronike/.node-gyp/10.1.0/include/node/v8config.h:340:48: note: in definition of macro ‘V8_DEPRECATE_SOON’
 #define V8_DEPRECATE_SOON(message, declarator) declarator
                                                ^~~~~~~~~~
In file included from ../../../../nan/nan_new.h:189:0,
                 from ../../../../nan/nan.h:82,
                 from ../ext/bson.h:17,
                 from ../ext/bson.cc:36:
../../../../nan/nan_implementation_12_inl.h: In static member function ‘static NanIntern::FactoryBase<v8::UnboundScript>::return_t NanIntern::Factory<v8::UnboundScript>::New(v8::Local<v8::String>)’:
../../../../nan/nan_implementation_12_inl.h:237:30: error: ‘CompileUnbound’ is not a member of ‘v8::ScriptCompiler’
   return v8::ScriptCompiler::CompileUnbound(v8::Isolate::GetCurrent(), &src);
                              ^~~~~~~~~~~~~~
../../../../nan/nan_implementation_12_inl.h: In static member function ‘static NanIntern::FactoryBase<v8::UnboundScript>::return_t NanIntern::Factory<v8::UnboundScript>::New(v8::Local<v8::String>, const v8::ScriptOrigin&)’:
../../../../nan/nan_implementation_12_inl.h:244:30: error: ‘CompileUnbound’ is not a member of ‘v8::ScriptCompiler’
   return v8::ScriptCompiler::CompileUnbound(v8::Isolate::GetCurrent(), &src);
                              ^~~~~~~~~~~~~~
In file included from ../ext/bson.h:17:0,
                 from ../ext/bson.cc:36:
../../../../nan/nan.h: At global scope:
../../../../nan/nan.h:261:25: error: redefinition of ‘template<class T> v8::Local<T> _NanEnsureLocal(v8::Local<T>)’
 NAN_INLINE v8::Local<T> _NanEnsureLocal(v8::Local<T> val) {
                         ^~~~~~~~~~~~~~~
../../../../nan/nan.h:256:25: note: ‘template<class T> v8::Local<T> _NanEnsureLocal(v8::Handle<T>)’ previously declared here
 NAN_INLINE v8::Local<T> _NanEnsureLocal(v8::Handle<T> val) {
                         ^~~~~~~~~~~~~~~
../../../../nan/nan.h: In function ‘bool NanIdleNotification(int)’:
../../../../nan/nan.h:289:39: error: ‘class v8::Isolate’ has no member named ‘IdleNotification’; did you mean ‘IdleNotificationDeadline’?
     return v8::Isolate::GetCurrent()->IdleNotification(idle_time_in_ms);
                                       ^~~~~~~~~~~~~~~~
                                       IdleNotificationDeadline
../../../../nan/nan.h: At global scope:
../../../../nan/nan.h:473:20: error: variable or field ‘NanAddGCEpilogueCallback’ declared void
       v8::Isolate::GCEpilogueCallback callback
                    ^~~~~~~~~~~~~~~~~~
../../../../nan/nan.h:473:20: error: ‘GCEpilogueCallback’ is not a member of ‘v8::Isolate’
../../../../nan/nan.h:474:18: error: expected primary-expression before ‘gc_type_filter’
     , v8::GCType gc_type_filter = v8::kGCTypeAll) {
                  ^~~~~~~~~~~~~~
../../../../nan/nan.h:479:20: error: variable or field ‘NanRemoveGCEpilogueCallback’ declared void
       v8::Isolate::GCEpilogueCallback callback) {
                    ^~~~~~~~~~~~~~~~~~
../../../../nan/nan.h:479:20: error: ‘GCEpilogueCallback’ is not a member of ‘v8::Isolate’
../../../../nan/nan.h:484:20: error: variable or field ‘NanAddGCPrologueCallback’ declared void
       v8::Isolate::GCPrologueCallback callback
                    ^~~~~~~~~~~~~~~~~~
../../../../nan/nan.h:484:20: error: ‘GCPrologueCallback’ is not a member of ‘v8::Isolate’
../../../../nan/nan.h:485:18: error: expected primary-expression before ‘gc_type_filter’
     , v8::GCType gc_type_filter = v8::kGCTypeAll) {
                  ^~~~~~~~~~~~~~
../../../../nan/nan.h:490:20: error: variable or field ‘NanRemoveGCPrologueCallback’ declared void
       v8::Isolate::GCPrologueCallback callback) {
                    ^~~~~~~~~~~~~~~~~~
../../../../nan/nan.h:490:20: error: ‘GCPrologueCallback’ is not a member of ‘v8::Isolate’
../../../../nan/nan.h:569:15: error: ‘WeakCallbackData’ in namespace ‘v8’ does not name a template type
     const v8::WeakCallbackData<T, _NanWeakCallbackInfo<T, P> > &data) {
               ^~~~~~~~~~~~~~~~
../../../../nan/nan.h:569:31: error: expected ‘,’ or ‘...’ before ‘<’ token
     const v8::WeakCallbackData<T, _NanWeakCallbackInfo<T, P> > &data) {
                               ^
../../../../nan/nan.h: In function ‘void _NanWeakCallbackDispatcher(int)’:
../../../../nan/nan.h:570:42: error: ‘data’ was not declared in this scope
       _NanWeakCallbackInfo<T, P> *info = data.GetParameter();
                                          ^~~~
../../../../nan/nan.h:570:42: note: suggested alternative: ‘atan’
       _NanWeakCallbackInfo<T, P> *info = data.GetParameter();
                                          ^~~~
                                          atan
../../../../nan/nan.h: At global scope:
../../../../nan/nan.h:661:13: error: ‘node::smalloc’ has not been declared
     , node::smalloc::FreeCallback callback
             ^~~~~~~
../../../../nan/nan.h:661:35: error: expected ‘,’ or ‘...’ before ‘callback’
     , node::smalloc::FreeCallback callback
                                   ^~~~~~~~
../../../../nan/nan.h: In function ‘v8::Local<v8::Object> NanNewBufferHandle(char*, size_t, int)’:
../../../../nan/nan.h:665:50: error: ‘callback’ was not declared in this scope
         v8::Isolate::GetCurrent(), data, length, callback, hint);
                                                  ^~~~~~~~
../../../../nan/nan.h:665:50: note: suggested alternative: ‘calloc’
         v8::Isolate::GetCurrent(), data, length, callback, hint);
                                                  ^~~~~~~~
                                                  calloc
../../../../nan/nan.h:665:60: error: ‘hint’ was not declared in this scope
         v8::Isolate::GetCurrent(), data, length, callback, hint);
                                                            ^~~~
../../../../nan/nan.h:665:60: note: suggested alternative: ‘uint’
         v8::Isolate::GetCurrent(), data, length, callback, hint);
                                                            ^~~~
                                                            uint
../../../../nan/nan.h: In function ‘v8::Local<v8::Object> NanNewBufferHandle(const char*, uint32_t)’:
../../../../nan/nan.h:672:67: error: invalid conversion from ‘const char*’ to ‘char*’ [-fpermissive]
     return node::Buffer::New(v8::Isolate::GetCurrent(), data, size);
                                                                   ^
In file included from ../ext/bson.cc:24:0:
/home/ronike/.node-gyp/10.1.0/include/node/node_buffer.h:66:40: note:   initializing argument 2 of ‘v8::MaybeLocal<v8::Object> node::Buffer::New(v8::Isolate*, char*, size_t)’
 NODE_EXTERN v8::MaybeLocal<v8::Object> New(v8::Isolate* isolate,
                                        ^~~
In file included from ../ext/bson.h:17:0,
                 from ../ext/bson.cc:36:
../../../../nan/nan.h:672:29: error: could not convert ‘node::Buffer::New(v8::Isolate::GetCurrent(), ((char*)data), ((size_t)size))’ from ‘v8::MaybeLocal<v8::Object>’ to ‘v8::Local<v8::Object>’
     return node::Buffer::New(v8::Isolate::GetCurrent(), data, size);
            ~~~~~~~~~~~~~~~~~^~~~~~~~~~~~~~~~~~~~~~~~~~~~~~~~~~~~~~~
../../../../nan/nan.h: In function ‘v8::Local<v8::Object> NanNewBufferHandle(uint32_t)’:
../../../../nan/nan.h:676:29: error: could not convert ‘node::Buffer::New(v8::Isolate::GetCurrent(), ((size_t)size))’ from ‘v8::MaybeLocal<v8::Object>’ to ‘v8::Local<v8::Object>’
     return node::Buffer::New(v8::Isolate::GetCurrent(), size);
            ~~~~~~~~~~~~~~~~~^~~~~~~~~~~~~~~~~~~~~~~~~~~~~~~~~
../../../../nan/nan.h: In function ‘v8::Local<v8::Object> NanBufferUse(char*, uint32_t)’:
../../../../nan/nan.h:683:26: error: ‘Use’ is not a member of ‘node::Buffer’
     return node::Buffer::Use(v8::Isolate::GetCurrent(), data, size);
                          ^~~
../../../../nan/nan.h: In function ‘v8::Local<v8::Script> NanCompileScript(v8::Local<v8::String>, const v8::ScriptOrigin&)’:
../../../../nan/nan.h:710:74: error: no matching function for call to ‘v8::ScriptCompiler::Compile(v8::Isolate*, v8::ScriptCompiler::Source*)’
     return v8::ScriptCompiler::Compile(v8::Isolate::GetCurrent(), &source);
                                                                          ^
In file included from ../ext/bson.cc:14:0:
/home/ronike/.node-gyp/10.1.0/include/node/v8.h:1489:51: note: candidate: static v8::MaybeLocal<v8::Script> v8::ScriptCompiler::Compile(v8::Local<v8::Context>, v8::ScriptCompiler::Source*, v8::ScriptCompiler::CompileOptions, v8::ScriptCompiler::NoCacheReason)
   static V8_WARN_UNUSED_RESULT MaybeLocal<Script> Compile(
                                                   ^~~~~~~
/home/ronike/.node-gyp/10.1.0/include/node/v8.h:1489:51: note:   no known conversion for argument 1 from ‘v8::Isolate*’ to ‘v8::Local<v8::Context>’
/home/ronike/.node-gyp/10.1.0/include/node/v8.h:1516:51: note: candidate: static v8::MaybeLocal<v8::Script> v8::ScriptCompiler::Compile(v8::Local<v8::Context>, v8::ScriptCompiler::StreamedSource*, v8::Local<v8::String>, const v8::ScriptOrigin&)
   static V8_WARN_UNUSED_RESULT MaybeLocal<Script> Compile(
                                                   ^~~~~~~
/home/ronike/.node-gyp/10.1.0/include/node/v8.h:1516:51: note:   candidate expects 4 arguments, 2 provided
In file included from ../ext/bson.h:17:0,
                 from ../ext/bson.cc:36:
../../../../nan/nan.h: In function ‘v8::Local<v8::Script> NanCompileScript(v8::Local<v8::String>)’:
../../../../nan/nan.h:717:74: error: no matching function for call to ‘v8::ScriptCompiler::Compile(v8::Isolate*, v8::ScriptCompiler::Source*)’
     return v8::ScriptCompiler::Compile(v8::Isolate::GetCurrent(), &source);
                                                                          ^
In file included from ../ext/bson.cc:14:0:
/home/ronike/.node-gyp/10.1.0/include/node/v8.h:1489:51: note: candidate: static v8::MaybeLocal<v8::Script> v8::ScriptCompiler::Compile(v8::Local<v8::Context>, v8::ScriptCompiler::Source*, v8::ScriptCompiler::CompileOptions, v8::ScriptCompiler::NoCacheReason)
   static V8_WARN_UNUSED_RESULT MaybeLocal<Script> Compile(
                                                   ^~~~~~~
/home/ronike/.node-gyp/10.1.0/include/node/v8.h:1489:51: note:   no known conversion for argument 1 from ‘v8::Isolate*’ to ‘v8::Local<v8::Context>’
/home/ronike/.node-gyp/10.1.0/include/node/v8.h:1516:51: note: candidate: static v8::MaybeLocal<v8::Script> v8::ScriptCompiler::Compile(v8::Local<v8::Context>, v8::ScriptCompiler::StreamedSource*, v8::Local<v8::String>, const v8::ScriptOrigin&)
   static V8_WARN_UNUSED_RESULT MaybeLocal<Script> Compile(
                                                   ^~~~~~~
/home/ronike/.node-gyp/10.1.0/include/node/v8.h:1516:51: note:   candidate expects 4 arguments, 2 provided
In file included from ../ext/bson.h:17:0,
                 from ../ext/bson.cc:36:
../../../../nan/nan.h: In function ‘v8::Local<v8::Value> NanRunScript(v8::Handle<v8::UnboundScript>)’:
../../../../nan/nan.h:723:48: warning: ‘v8::Local<v8::Value> v8::Script::Run()’ is deprecated: Use maybe version [-Wdeprecated-declarations]
     return script->BindToCurrentContext()->Run();
                                                ^
In file included from /home/ronike/.node-gyp/10.1.0/include/node/v8.h:26:0,
                 from ../ext/bson.cc:14:
/home/ronike/.node-gyp/10.1.0/include/node/v8.h:1250:51: note: declared here
   V8_DEPRECATED("Use maybe version", Local<Value> Run());
                                                   ^
/home/ronike/.node-gyp/10.1.0/include/node/v8config.h:318:3: note: in definition of macro ‘V8_DEPRECATED’
   declarator __attribute__((deprecated(message)))
   ^~~~~~~~~~
In file included from ../ext/bson.h:17:0,
                 from ../ext/bson.cc:36:
../../../../nan/nan.h: In function ‘v8::Local<v8::Value> NanRunScript(v8::Handle<v8::Script>)’:
../../../../nan/nan.h:729:24: warning: ‘v8::Local<v8::Value> v8::Script::Run()’ is deprecated: Use maybe version [-Wdeprecated-declarations]
     return script->Run();
                        ^
In file included from /home/ronike/.node-gyp/10.1.0/include/node/v8.h:26:0,
                 from ../ext/bson.cc:14:
/home/ronike/.node-gyp/10.1.0/include/node/v8.h:1250:51: note: declared here
   V8_DEPRECATED("Use maybe version", Local<Value> Run());
                                                   ^
/home/ronike/.node-gyp/10.1.0/include/node/v8config.h:318:3: note: in definition of macro ‘V8_DEPRECATED’
   declarator __attribute__((deprecated(message)))
   ^~~~~~~~~~
In file included from ../ext/bson.h:17:0,
                 from ../ext/bson.cc:36:
../../../../nan/nan.h: In function ‘v8::Local<v8::Value> NanMakeCallback(v8::Handle<v8::Object>, v8::Handle<v8::Function>, int, v8::Handle<v8::Value>*)’:
../../../../nan/nan.h:738:60: warning: ‘v8::Local<v8::Value> node::MakeCallback(v8::Isolate*, v8::Local<v8::Object>, v8::Local<v8::Function>, int, v8::Local<v8::Value>*)’ is deprecated: Use MakeCallback(..., async_context) [-Wdeprecated-declarations]
         v8::Isolate::GetCurrent(), target, func, argc, argv));
                                                            ^
In file included from ../ext/bson.cc:22:0:
/home/ronike/.node-gyp/10.1.0/include/node/node.h:172:50: note: declared here
                 NODE_EXTERN v8::Local<v8::Value> MakeCallback(
                                                  ^
/home/ronike/.node-gyp/10.1.0/include/node/node.h:88:42: note: in definition of macro ‘NODE_DEPRECATED’
     __attribute__((deprecated(message))) declarator
                                          ^~~~~~~~~~
In file included from ../ext/bson.h:17:0,
                 from ../ext/bson.cc:36:
../../../../nan/nan.h: In function ‘v8::Local<v8::Value> NanMakeCallback(v8::Handle<v8::Object>, v8::Handle<v8::String>, int, v8::Handle<v8::Value>*)’:
../../../../nan/nan.h:747:62: warning: ‘v8::Local<v8::Value> node::MakeCallback(v8::Isolate*, v8::Local<v8::Object>, v8::Local<v8::String>, int, v8::Local<v8::Value>*)’ is deprecated: Use MakeCallback(..., async_context) [-Wdeprecated-declarations]
         v8::Isolate::GetCurrent(), target, symbol, argc, argv));
                                                              ^
In file included from ../ext/bson.cc:22:0:
/home/ronike/.node-gyp/10.1.0/include/node/node.h:165:50: note: declared here
                 NODE_EXTERN v8::Local<v8::Value> MakeCallback(
                                                  ^
/home/ronike/.node-gyp/10.1.0/include/node/node.h:88:42: note: in definition of macro ‘NODE_DEPRECATED’
     __attribute__((deprecated(message))) declarator
                                          ^~~~~~~~~~
In file included from ../ext/bson.h:17:0,
                 from ../ext/bson.cc:36:
../../../../nan/nan.h: In function ‘v8::Local<v8::Value> NanMakeCallback(v8::Handle<v8::Object>, const char*, int, v8::Handle<v8::Value>*)’:
../../../../nan/nan.h:756:62: warning: ‘v8::Local<v8::Value> node::MakeCallback(v8::Isolate*, v8::Local<v8::Object>, const char*, int, v8::Local<v8::Value>*)’ is deprecated: Use MakeCallback(..., async_context) [-Wdeprecated-declarations]
         v8::Isolate::GetCurrent(), target, method, argc, argv));
                                                              ^
In file included from ../ext/bson.cc:22:0:
/home/ronike/.node-gyp/10.1.0/include/node/node.h:158:50: note: declared here
                 NODE_EXTERN v8::Local<v8::Value> MakeCallback(
                                                  ^
/home/ronike/.node-gyp/10.1.0/include/node/node.h:88:42: note: in definition of macro ‘NODE_DEPRECATED’
     __attribute__((deprecated(message))) declarator
                                          ^~~~~~~~~~
In file included from ../ext/bson.h:17:0,
                 from ../ext/bson.cc:36:
../../../../nan/nan.h: In member function ‘v8::Handle<v8::Value> NanCallback::Call_(v8::Isolate*, v8::Handle<v8::Object>, int, v8::Handle<v8::Value>*) const’:
../../../../nan/nan.h:1569:5: warning: ‘v8::Local<v8::Value> node::MakeCallback(v8::Isolate*, v8::Local<v8::Object>, v8::Local<v8::Function>, int, v8::Local<v8::Value>*)’ is deprecated: Use MakeCallback(..., async_context) [-Wdeprecated-declarations]
     ));
     ^
../../../../nan/nan.h:398:59: note: in definition of macro ‘NanEscapeScope’
 # define NanEscapeScope(val) scope.Escape(_NanEnsureLocal(val))
                                                           ^~~
In file included from ../ext/bson.cc:22:0:
/home/ronike/.node-gyp/10.1.0/include/node/node.h:172:50: note: declared here
                 NODE_EXTERN v8::Local<v8::Value> MakeCallback(
                                                  ^
/home/ronike/.node-gyp/10.1.0/include/node/node.h:88:42: note: in definition of macro ‘NODE_DEPRECATED’
     __attribute__((deprecated(message))) declarator
                                          ^~~~~~~~~~
In file included from ../ext/bson.h:17:0,
                 from ../ext/bson.cc:36:
../../../../nan/nan.h: In function ‘void* _NanRawString(v8::Handle<v8::Value>, Nan::Encoding, size_t*, void*, size_t, int)’:
../../../../nan/nan.h:2164:38: warning: ‘v8::String::Value::Value(v8::Local<v8::Value>)’ is deprecated: Use Isolate version [-Wdeprecated-declarations]
         v8::String::Value value(toStr);
                                      ^
In file included from /home/ronike/.node-gyp/10.1.0/include/node/v8.h:26:0,
                 from ../ext/bson.cc:14:
/home/ronike/.node-gyp/10.1.0/include/node/v8.h:2846:51: note: declared here
     V8_DEPRECATED("Use Isolate version", explicit Value(Local<v8::Value> obj));
                                                   ^
/home/ronike/.node-gyp/10.1.0/include/node/v8config.h:318:3: note: in definition of macro ‘V8_DEPRECATED’
   declarator __attribute__((deprecated(message)))
   ^~~~~~~~~~
In file included from ../ext/bson.h:17:0,
                 from ../ext/bson.cc:36:
../../../../nan/nan.h:2198:38: warning: ‘v8::String::Value::Value(v8::Local<v8::Value>)’ is deprecated: Use Isolate version [-Wdeprecated-declarations]
         v8::String::Value value(toStr);
                                      ^
In file included from /home/ronike/.node-gyp/10.1.0/include/node/v8.h:26:0,
                 from ../ext/bson.cc:14:
/home/ronike/.node-gyp/10.1.0/include/node/v8.h:2846:51: note: declared here
     V8_DEPRECATED("Use Isolate version", explicit Value(Local<v8::Value> obj));
                                                   ^
/home/ronike/.node-gyp/10.1.0/include/node/v8config.h:318:3: note: in definition of macro ‘V8_DEPRECATED’
   declarator __attribute__((deprecated(message)))
   ^~~~~~~~~~
../ext/bson.cc: In member function ‘v8::Handle<v8::Value> BSONDeserializer::DeserializeDocumentInternal(bool)’:
../ext/bson.cc:457:17: error: ‘class v8::Object’ has no member named ‘ForceSet’
   returnObject->ForceSet(name, value);
                 ^~~~~~~~
../ext/bson.cc:466:61: error: no matching function for call to ‘v8::Function::NewInstance(int, v8::Local<v8::Value> [3])’
   return NanNew(bson->dbrefConstructor)->NewInstance(3, argv);
                                                             ^
In file included from ../ext/bson.cc:14:0:
/home/ronike/.node-gyp/10.1.0/include/node/v8.h:3848:44: note: candidate: v8::MaybeLocal<v8::Object> v8::Function::NewInstance(v8::Local<v8::Context>, int, v8::Local<v8::Value>*) const
   V8_WARN_UNUSED_RESULT MaybeLocal<Object> NewInstance(
                                            ^~~~~~~~~~~
/home/ronike/.node-gyp/10.1.0/include/node/v8.h:3848:44: note:   candidate expects 3 arguments, 2 provided
/home/ronike/.node-gyp/10.1.0/include/node/v8.h:3851:44: note: candidate: v8::MaybeLocal<v8::Object> v8::Function::NewInstance(v8::Local<v8::Context>) const
   V8_WARN_UNUSED_RESULT MaybeLocal<Object> NewInstance(
                                            ^~~~~~~~~~~
/home/ronike/.node-gyp/10.1.0/include/node/v8.h:3851:44: note:   candidate expects 1 argument, 2 provided
../ext/bson.cc: In member function ‘v8::Handle<v8::Value> BSONDeserializer::DeserializeValue(BsonType, bool)’:
../ext/bson.cc:523:66: error: no matching function for call to ‘v8::Function::NewInstance(int, v8::Local<v8::Value> [2])’
    return NanNew(bson->timestampConstructor)->NewInstance(2, argv);
                                                                  ^
In file included from ../ext/bson.cc:14:0:
/home/ronike/.node-gyp/10.1.0/include/node/v8.h:3848:44: note: candidate: v8::MaybeLocal<v8::Object> v8::Function::NewInstance(v8::Local<v8::Context>, int, v8::Local<v8::Value>*) const
   V8_WARN_UNUSED_RESULT MaybeLocal<Object> NewInstance(
                                            ^~~~~~~~~~~
/home/ronike/.node-gyp/10.1.0/include/node/v8.h:3848:44: note:   candidate expects 3 arguments, 2 provided
/home/ronike/.node-gyp/10.1.0/include/node/v8.h:3851:44: note: candidate: v8::MaybeLocal<v8::Object> v8::Function::NewInstance(v8::Local<v8::Context>) const
   V8_WARN_UNUSED_RESULT MaybeLocal<Object> NewInstance(
                                            ^~~~~~~~~~~
/home/ronike/.node-gyp/10.1.0/include/node/v8.h:3851:44: note:   candidate expects 1 argument, 2 provided
../ext/bson.cc:542:61: error: no matching function for call to ‘v8::Function::NewInstance(int, v8::Local<v8::Value> [2])’
    return NanNew(bson->codeConstructor)->NewInstance(2, argv);
                                                             ^
In file included from ../ext/bson.cc:14:0:
/home/ronike/.node-gyp/10.1.0/include/node/v8.h:3848:44: note: candidate: v8::MaybeLocal<v8::Object> v8::Function::NewInstance(v8::Local<v8::Context>, int, v8::Local<v8::Value>*) const
   V8_WARN_UNUSED_RESULT MaybeLocal<Object> NewInstance(
                                            ^~~~~~~~~~~
/home/ronike/.node-gyp/10.1.0/include/node/v8.h:3848:44: note:   candidate expects 3 arguments, 2 provided
/home/ronike/.node-gyp/10.1.0/include/node/v8.h:3851:44: note: candidate: v8::MaybeLocal<v8::Object> v8::Function::NewInstance(v8::Local<v8::Context>) const
   V8_WARN_UNUSED_RESULT MaybeLocal<Object> NewInstance(
                                            ^~~~~~~~~~~
/home/ronike/.node-gyp/10.1.0/include/node/v8.h:3851:44: note:   candidate expects 1 argument, 2 provided
../ext/bson.cc:551:61: error: no matching function for call to ‘v8::Function::NewInstance(int, v8::Local<v8::Value> [2])’
    return NanNew(bson->codeConstructor)->NewInstance(2, argv);
                                                             ^
In file included from ../ext/bson.cc:14:0:
/home/ronike/.node-gyp/10.1.0/include/node/v8.h:3848:44: note: candidate: v8::MaybeLocal<v8::Object> v8::Function::NewInstance(v8::Local<v8::Context>, int, v8::Local<v8::Value>*) const
   V8_WARN_UNUSED_RESULT MaybeLocal<Object> NewInstance(
                                            ^~~~~~~~~~~
/home/ronike/.node-gyp/10.1.0/include/node/v8.h:3848:44: note:   candidate expects 3 arguments, 2 provided
/home/ronike/.node-gyp/10.1.0/include/node/v8.h:3851:44: note: candidate: v8::MaybeLocal<v8::Object> v8::Function::NewInstance(v8::Local<v8::Context>) const
   V8_WARN_UNUSED_RESULT MaybeLocal<Object> NewInstance(
                                            ^~~~~~~~~~~
/home/ronike/.node-gyp/10.1.0/include/node/v8.h:3851:44: note:   candidate expects 1 argument, 2 provided
../ext/bson.cc:557:65: error: no matching function for call to ‘v8::Function::NewInstance(int, v8::Local<v8::Value> [1])’
    return NanNew(bson->objectIDConstructor)->NewInstance(1, argv);
                                                                 ^
In file included from ../ext/bson.cc:14:0:
/home/ronike/.node-gyp/10.1.0/include/node/v8.h:3848:44: note: candidate: v8::MaybeLocal<v8::Object> v8::Function::NewInstance(v8::Local<v8::Context>, int, v8::Local<v8::Value>*) const
   V8_WARN_UNUSED_RESULT MaybeLocal<Object> NewInstance(
                                            ^~~~~~~~~~~
/home/ronike/.node-gyp/10.1.0/include/node/v8.h:3848:44: note:   candidate expects 3 arguments, 2 provided
/home/ronike/.node-gyp/10.1.0/include/node/v8.h:3851:44: note: candidate: v8::MaybeLocal<v8::Object> v8::Function::NewInstance(v8::Local<v8::Context>) const
   V8_WARN_UNUSED_RESULT MaybeLocal<Object> NewInstance(
                                            ^~~~~~~~~~~
/home/ronike/.node-gyp/10.1.0/include/node/v8.h:3851:44: note:   candidate expects 1 argument, 2 provided
../ext/bson.cc:572:63: error: no matching function for call to ‘v8::Function::NewInstance(int, v8::Handle<v8::Value> [2])’
    return NanNew(bson->binaryConstructor)->NewInstance(2, argv);
                                                               ^
In file included from ../ext/bson.cc:14:0:
/home/ronike/.node-gyp/10.1.0/include/node/v8.h:3848:44: note: candidate: v8::MaybeLocal<v8::Object> v8::Function::NewInstance(v8::Local<v8::Context>, int, v8::Local<v8::Value>*) const
   V8_WARN_UNUSED_RESULT MaybeLocal<Object> NewInstance(
                                            ^~~~~~~~~~~
/home/ronike/.node-gyp/10.1.0/include/node/v8.h:3848:44: note:   candidate expects 3 arguments, 2 provided
/home/ronike/.node-gyp/10.1.0/include/node/v8.h:3851:44: note: candidate: v8::MaybeLocal<v8::Object> v8::Function::NewInstance(v8::Local<v8::Context>) const
   V8_WARN_UNUSED_RESULT MaybeLocal<Object> NewInstance(
                                            ^~~~~~~~~~~
/home/ronike/.node-gyp/10.1.0/include/node/v8.h:3851:44: note:   candidate expects 1 argument, 2 provided
../ext/bson.cc:595:61: error: no matching function for call to ‘v8::Function::NewInstance(int, v8::Local<v8::Value> [2])’
    return NanNew(bson->longConstructor)->NewInstance(2, argv);
                                                             ^
In file included from ../ext/bson.cc:14:0:
/home/ronike/.node-gyp/10.1.0/include/node/v8.h:3848:44: note: candidate: v8::MaybeLocal<v8::Object> v8::Function::NewInstance(v8::Local<v8::Context>, int, v8::Local<v8::Value>*) const
   V8_WARN_UNUSED_RESULT MaybeLocal<Object> NewInstance(
                                            ^~~~~~~~~~~
/home/ronike/.node-gyp/10.1.0/include/node/v8.h:3848:44: note:   candidate expects 3 arguments, 2 provided
/home/ronike/.node-gyp/10.1.0/include/node/v8.h:3851:44: note: candidate: v8::MaybeLocal<v8::Object> v8::Function::NewInstance(v8::Local<v8::Context>) const
   V8_WARN_UNUSED_RESULT MaybeLocal<Object> NewInstance(
                                            ^~~~~~~~~~~
/home/ronike/.node-gyp/10.1.0/include/node/v8.h:3851:44: note:   candidate expects 1 argument, 2 provided
../ext/bson.cc:611:63: error: no matching function for call to ‘v8::Function::NewInstance(int, v8::Local<v8::Value> [1])’
    return NanNew(bson->symbolConstructor)->NewInstance(1, argv);
                                                               ^
In file included from ../ext/bson.cc:14:0:
/home/ronike/.node-gyp/10.1.0/include/node/v8.h:3848:44: note: candidate: v8::MaybeLocal<v8::Object> v8::Function::NewInstance(v8::Local<v8::Context>, int, v8::Local<v8::Value>*) const
   V8_WARN_UNUSED_RESULT MaybeLocal<Object> NewInstance(
                                            ^~~~~~~~~~~
/home/ronike/.node-gyp/10.1.0/include/node/v8.h:3848:44: note:   candidate expects 3 arguments, 2 provided
/home/ronike/.node-gyp/10.1.0/include/node/v8.h:3851:44: note: candidate: v8::MaybeLocal<v8::Object> v8::Function::NewInstance(v8::Local<v8::Context>) const
   V8_WARN_UNUSED_RESULT MaybeLocal<Object> NewInstance(
                                            ^~~~~~~~~~~
/home/ronike/.node-gyp/10.1.0/include/node/v8.h:3851:44: note:   candidate expects 1 argument, 2 provided
../ext/bson.cc:615:55: error: no matching function for call to ‘v8::Function::NewInstance()’
   return NanNew(bson->minKeyConstructor)->NewInstance();
                                                       ^
In file included from ../ext/bson.cc:14:0:
/home/ronike/.node-gyp/10.1.0/include/node/v8.h:3848:44: note: candidate: v8::MaybeLocal<v8::Object> v8::Function::NewInstance(v8::Local<v8::Context>, int, v8::Local<v8::Value>*) const
   V8_WARN_UNUSED_RESULT MaybeLocal<Object> NewInstance(
                                            ^~~~~~~~~~~
/home/ronike/.node-gyp/10.1.0/include/node/v8.h:3848:44: note:   candidate expects 3 arguments, 0 provided
/home/ronike/.node-gyp/10.1.0/include/node/v8.h:3851:44: note: candidate: v8::MaybeLocal<v8::Object> v8::Function::NewInstance(v8::Local<v8::Context>) const
   V8_WARN_UNUSED_RESULT MaybeLocal<Object> NewInstance(
                                            ^~~~~~~~~~~
/home/ronike/.node-gyp/10.1.0/include/node/v8.h:3851:44: note:   candidate expects 1 argument, 0 provided
../ext/bson.cc:618:55: error: no matching function for call to ‘v8::Function::NewInstance()’
   return NanNew(bson->maxKeyConstructor)->NewInstance();
                                                       ^
In file included from ../ext/bson.cc:14:0:
/home/ronike/.node-gyp/10.1.0/include/node/v8.h:3848:44: note: candidate: v8::MaybeLocal<v8::Object> v8::Function::NewInstance(v8::Local<v8::Context>, int, v8::Local<v8::Value>*) const
   V8_WARN_UNUSED_RESULT MaybeLocal<Object> NewInstance(
                                            ^~~~~~~~~~~
/home/ronike/.node-gyp/10.1.0/include/node/v8.h:3848:44: note:   candidate expects 3 arguments, 0 provided
/home/ronike/.node-gyp/10.1.0/include/node/v8.h:3851:44: note: candidate: v8::MaybeLocal<v8::Object> v8::Function::NewInstance(v8::Local<v8::Context>) const
   V8_WARN_UNUSED_RESULT MaybeLocal<Object> NewInstance(
                                            ^~~~~~~~~~~
/home/ronike/.node-gyp/10.1.0/include/node/v8.h:3851:44: note:   candidate expects 1 argument, 0 provided
../ext/bson.cc: In static member function ‘static void BSON::Initialize(v8::Handle<v8::Object>)’:
../ext/bson.cc:681:10: error: ‘class v8::Object’ has no member named ‘ForceSet’
  target->ForceSet(NanNew<String>("BSON"), t->GetFunction());
          ^~~~~~~~
../ext/bson.cc: In static member function ‘static void BSON::BSONDeserialize(const v8::FunctionCallbackInfo<v8::Value>&)’:
../ext/bson.cc:825:44: warning: ‘ssize_t node::DecodeBytes(v8::Local<v8::Value>, node::encoding)’ is deprecated: Use DecodeBytes(isolate, ...) [-Wdeprecated-declarations]
   ssize_t len = DecodeBytes(args[0], BINARY);
                                            ^
In file included from ../ext/bson.cc:22:0:
/home/ronike/.node-gyp/10.1.0/include/node/node.h:412:32: note: declared here
                 inline ssize_t DecodeBytes(
                                ^
/home/ronike/.node-gyp/10.1.0/include/node/node.h:88:42: note: in definition of macro ‘NODE_DEPRECATED’
     __attribute__((deprecated(message))) declarator
                                          ^~~~~~~~~~
../ext/bson.cc:833:41: warning: ‘ssize_t node::DecodeWrite(char*, size_t, v8::Local<v8::Value>, node::encoding)’ is deprecated: Use DecodeWrite(isolate, ...) [-Wdeprecated-declarations]
   DecodeWrite(data, len, args[0], BINARY);
                                         ^
In file included from ../ext/bson.cc:22:0:
/home/ronike/.node-gyp/10.1.0/include/node/node.h:425:32: note: declared here
                 inline ssize_t DecodeWrite(char* buf,
                                ^
/home/ronike/.node-gyp/10.1.0/include/node/node.h:88:42: note: in definition of macro ‘NODE_DEPRECATED’
     __attribute__((deprecated(message))) declarator
                                          ^~~~~~~~~~
../ext/bson.cc: In static member function ‘static void BSON::BSONSerialize(const v8::FunctionCallbackInfo<v8::Value>&)’:
../ext/bson.cc:928:73: warning: ‘v8::Local<v8::Value> node::Encode(const void*, size_t, node::encoding)’ is deprecated: Use Encode(isolate, ...) [-Wdeprecated-declarations]
   Local<Value> bin_value = Encode(serialized_object, object_size, BINARY)->ToString();
                                                                         ^
In file included from ../ext/bson.cc:22:0:
/home/ronike/.node-gyp/10.1.0/include/node/node.h:393:45: note: declared here
                 inline v8::Local<v8::Value> Encode(
                                             ^
/home/ronike/.node-gyp/10.1.0/include/node/node.h:88:42: note: in definition of macro ‘NODE_DEPRECATED’
     __attribute__((deprecated(message))) declarator
                                          ^~~~~~~~~~
../ext/bson.cc: In member function ‘v8::Handle<v8::Value> BSONDeserializer::DeserializeValue(BsonType, bool)’:
../ext/bson.cc:523:67: warning: this statement may fall through [-Wimplicit-fallthrough=]
    return NanNew(bson->timestampConstructor)->NewInstance(2, argv);
                                                                   ^
../ext/bson.cc:526:2: note: here
  case BSON_TYPE_BOOLEAN:
  ^~~~
../ext/bson.cc:542:62: warning: this statement may fall through [-Wimplicit-fallthrough=]
    return NanNew(bson->codeConstructor)->NewInstance(2, argv);
                                                              ^
../ext/bson.cc:545:2: note: here
  case BSON_TYPE_CODE_W_SCOPE:
  ^~~~
../ext/bson.cc:551:62: warning: this statement may fall through [-Wimplicit-fallthrough=]
    return NanNew(bson->codeConstructor)->NewInstance(2, argv);
                                                              ^
../ext/bson.cc:554:2: note: here
  case BSON_TYPE_OID:
  ^~~~
../ext/bson.cc:557:66: warning: this statement may fall through [-Wimplicit-fallthrough=]
    return NanNew(bson->objectIDConstructor)->NewInstance(1, argv);
                                                                  ^
../ext/bson.cc:560:2: note: here
  case BSON_TYPE_BINARY:
  ^~~~
../ext/bson.cc:572:64: warning: this statement may fall through [-Wimplicit-fallthrough=]
    return NanNew(bson->binaryConstructor)->NewInstance(2, argv);
                                                                ^
../ext/bson.cc:575:2: note: here
  case BSON_TYPE_LONG:
  ^~~~
../ext/bson.cc:595:62: warning: this statement may fall through [-Wimplicit-fallthrough=]
    return NanNew(bson->longConstructor)->NewInstance(2, argv);
                                                              ^
../ext/bson.cc:598:2: note: here
  case BSON_TYPE_DATE:
  ^~~~
../ext/bson.cc:611:64: warning: this statement may fall through [-Wimplicit-fallthrough=]
    return NanNew(bson->symbolConstructor)->NewInstance(1, argv);
                                                                ^
../ext/bson.cc:614:2: note: here
  case BSON_TYPE_MIN_KEY:
  ^~~~
make: *** [Release/obj.target/bson/ext/bson.o] Error 1
gyp ERR! build error 
gyp ERR! stack Error: `make` failed with exit code: 2
gyp ERR! stack     at ChildProcess.onExit (/usr/lib/node_modules/npm/node_modules/node-gyp/lib/build.js:258:23)
gyp ERR! stack     at ChildProcess.emit (events.js:182:13)
gyp ERR! stack     at Process.ChildProcess._handle.onexit (internal/child_process.js:235:12)
gyp ERR! System Linux 4.15.0-20-generic
gyp ERR! command "/usr/bin/node" "/usr/lib/node_modules/npm/node_modules/node-gyp/bin/node-gyp.js" "rebuild"
gyp ERR! cwd /home/ronike/Desktop/keeper/node_modules/email-verification/node_modules/bson
gyp ERR! node -v v10.1.0
gyp ERR! node-gyp -v v3.6.2
gyp ERR! not ok 
